2025-07-09 10:28:20,952 - root - INFO - lifespan:30 - Starting Image Processing API...
2025-07-09 10:28:20,954 - root - INFO - lifespan:38 - Image Processing API started successfully
2025-07-09 10:50:41,343 - root - INFO - lifespan:30 - Starting Image Processing API...
2025-07-09 10:50:41,345 - root - INFO - lifespan:38 - Image Processing API started successfully
2025-07-09 11:05:14,630 - root - ERROR - global_exception_handler:66 - Unhandled exception: time data '09-07-2025' does not match format '%Y-%m-%d'
2025-07-09 11:05:55,973 - app.services.batch_manager - INFO - create_batches_from_files:100 - Creating batches from 207 specific files
2025-07-09 11:05:56,072 - app.services.batch_manager - WARNING - create_batches_from_files:110 - Skipping invalid file C:\Users\RD\Documents\files_of_diff\file_0.docx: Unsupported format: .docx
2025-07-09 11:05:56,074 - app.services.batch_manager - WARNING - create_batches_from_files:110 - Skipping invalid file C:\Users\RD\Documents\files_of_diff\file_1.txt: Unsupported format: .txt
2025-07-09 11:05:56,095 - app.services.batch_manager - WARNING - create_batches_from_files:110 - Skipping invalid file C:\Users\RD\Documents\files_of_diff\file_101.docx: Unsupported format: .docx
2025-07-09 11:05:56,106 - app.services.batch_manager - WARNING - create_batches_from_files:110 - Skipping invalid file C:\Users\RD\Documents\files_of_diff\file_102.txt: Unsupported format: .txt
2025-07-09 11:05:56,560 - app.services.batch_manager - WARNING - create_batches_from_files:110 - Skipping invalid file C:\Users\RD\Documents\files_of_diff\file_11.docx: Unsupported format: .docx
2025-07-09 11:05:56,645 - app.services.batch_manager - WARNING - create_batches_from_files:110 - Skipping invalid file C:\Users\RD\Documents\files_of_diff\file_116.docx: Unsupported format: .docx
2025-07-09 11:05:56,695 - app.services.batch_manager - WARNING - create_batches_from_files:110 - Skipping invalid file C:\Users\RD\Documents\files_of_diff\file_119.txt: Unsupported format: .txt
2025-07-09 11:05:56,700 - app.services.batch_manager - WARNING - create_batches_from_files:110 - Skipping invalid file C:\Users\RD\Documents\files_of_diff\file_120.txt: Unsupported format: .txt
2025-07-09 11:05:56,703 - app.services.batch_manager - WARNING - create_batches_from_files:110 - Skipping invalid file C:\Users\RD\Documents\files_of_diff\file_121.txt: Unsupported format: .txt
2025-07-09 11:05:56,841 - app.services.batch_manager - WARNING - create_batches_from_files:110 - Skipping invalid file C:\Users\RD\Documents\files_of_diff\file_13.docx: Unsupported format: .docx
2025-07-09 11:05:56,844 - app.services.batch_manager - WARNING - create_batches_from_files:110 - Skipping invalid file C:\Users\RD\Documents\files_of_diff\file_130.docx: Unsupported format: .docx
2025-07-09 11:05:56,911 - app.services.batch_manager - WARNING - create_batches_from_files:110 - Skipping invalid file C:\Users\RD\Documents\files_of_diff\file_135.docx: Unsupported format: .docx
2025-07-09 11:05:56,961 - app.services.batch_manager - WARNING - create_batches_from_files:110 - Skipping invalid file C:\Users\RD\Documents\files_of_diff\file_138.txt: Unsupported format: .txt
2025-07-09 11:05:56,961 - app.services.batch_manager - WARNING - create_batches_from_files:110 - Skipping invalid file C:\Users\RD\Documents\files_of_diff\file_139.txt: Unsupported format: .txt
2025-07-09 11:05:56,968 - app.services.batch_manager - WARNING - create_batches_from_files:110 - Skipping invalid file C:\Users\RD\Documents\files_of_diff\file_14.txt: Unsupported format: .txt
2025-07-09 11:05:56,980 - app.services.batch_manager - WARNING - create_batches_from_files:110 - Skipping invalid file C:\Users\RD\Documents\files_of_diff\file_143.docx: Unsupported format: .docx
2025-07-09 11:05:57,044 - app.services.batch_manager - WARNING - create_batches_from_files:110 - Skipping invalid file C:\Users\RD\Documents\files_of_diff\file_149.docx: Unsupported format: .docx
2025-07-09 11:05:57,059 - app.services.batch_manager - WARNING - create_batches_from_files:110 - Skipping invalid file C:\Users\RD\Documents\files_of_diff\file_151.docx: Unsupported format: .docx
2025-07-09 11:05:57,062 - app.services.batch_manager - WARNING - create_batches_from_files:110 - Skipping invalid file C:\Users\RD\Documents\files_of_diff\file_152.docx: Unsupported format: .docx
2025-07-09 11:05:57,063 - app.services.batch_manager - WARNING - create_batches_from_files:110 - Skipping invalid file C:\Users\RD\Documents\files_of_diff\file_153.docx: Unsupported format: .docx
2025-07-09 11:05:57,091 - app.services.batch_manager - WARNING - create_batches_from_files:110 - Skipping invalid file C:\Users\RD\Documents\files_of_diff\file_155.docx: Unsupported format: .docx
2025-07-09 11:05:57,111 - app.services.batch_manager - WARNING - create_batches_from_files:110 - Skipping invalid file C:\Users\RD\Documents\files_of_diff\file_157.docx: Unsupported format: .docx
2025-07-09 11:05:57,228 - app.services.batch_manager - WARNING - create_batches_from_files:110 - Skipping invalid file C:\Users\RD\Documents\files_of_diff\file_163.txt: Unsupported format: .txt
2025-07-09 11:05:57,255 - app.services.batch_manager - WARNING - create_batches_from_files:110 - Skipping invalid file C:\Users\RD\Documents\files_of_diff\file_165.docx: Unsupported format: .docx
2025-07-09 11:05:57,281 - app.services.batch_manager - WARNING - create_batches_from_files:110 - Skipping invalid file C:\Users\RD\Documents\files_of_diff\file_168.docx: Unsupported format: .docx
2025-07-09 11:05:57,289 - app.services.batch_manager - WARNING - create_batches_from_files:110 - Skipping invalid file C:\Users\RD\Documents\files_of_diff\file_169.txt: Unsupported format: .txt
2025-07-09 11:05:57,294 - app.services.batch_manager - WARNING - create_batches_from_files:110 - Skipping invalid file C:\Users\RD\Documents\files_of_diff\file_170.txt: Unsupported format: .txt
2025-07-09 11:05:57,301 - app.services.batch_manager - WARNING - create_batches_from_files:110 - Skipping invalid file C:\Users\RD\Documents\files_of_diff\file_173.docx: Unsupported format: .docx
2025-07-09 11:05:57,496 - app.services.batch_manager - WARNING - create_batches_from_files:110 - Skipping invalid file C:\Users\RD\Documents\files_of_diff\file_189.txt: Unsupported format: .txt
2025-07-09 11:05:57,512 - app.services.batch_manager - WARNING - create_batches_from_files:110 - Skipping invalid file C:\Users\RD\Documents\files_of_diff\file_190.txt: Unsupported format: .txt
2025-07-09 11:05:57,521 - app.services.batch_manager - WARNING - create_batches_from_files:110 - Skipping invalid file C:\Users\RD\Documents\files_of_diff\file_191.docx: Unsupported format: .docx
2025-07-09 11:05:57,524 - app.services.batch_manager - WARNING - create_batches_from_files:110 - Skipping invalid file C:\Users\RD\Documents\files_of_diff\file_192.txt: Unsupported format: .txt
2025-07-09 11:05:57,595 - app.services.batch_manager - WARNING - create_batches_from_files:110 - Skipping invalid file C:\Users\RD\Documents\files_of_diff\file_196.txt: Unsupported format: .txt
2025-07-09 11:05:57,657 - app.services.batch_manager - WARNING - create_batches_from_files:110 - Skipping invalid file C:\Users\RD\Documents\files_of_diff\file_2.docx: Unsupported format: .docx
2025-07-09 11:05:57,661 - app.services.batch_manager - WARNING - create_batches_from_files:110 - Skipping invalid file C:\Users\RD\Documents\files_of_diff\file_20.docx: Unsupported format: .docx
2025-07-09 11:05:57,664 - app.services.batch_manager - WARNING - create_batches_from_files:110 - Skipping invalid file C:\Users\RD\Documents\files_of_diff\file_21.txt: Unsupported format: .txt
2025-07-09 11:05:57,747 - app.services.batch_manager - WARNING - create_batches_from_files:110 - Skipping invalid file C:\Users\RD\Documents\files_of_diff\file_23.docx: Unsupported format: .docx
2025-07-09 11:05:57,929 - app.services.batch_manager - WARNING - create_batches_from_files:110 - Skipping invalid file C:\Users\RD\Documents\files_of_diff\file_3.txt: Unsupported format: .txt
2025-07-09 11:05:57,941 - app.services.batch_manager - WARNING - create_batches_from_files:110 - Skipping invalid file C:\Users\RD\Documents\files_of_diff\file_30.txt: Unsupported format: .txt
2025-07-09 11:05:58,051 - app.services.batch_manager - WARNING - create_batches_from_files:110 - Skipping invalid file C:\Users\RD\Documents\files_of_diff\file_36.docx: Unsupported format: .docx
2025-07-09 11:05:58,121 - app.services.batch_manager - WARNING - create_batches_from_files:110 - Skipping invalid file C:\Users\RD\Documents\files_of_diff\file_40.txt: Unsupported format: .txt
2025-07-09 11:05:58,222 - app.services.batch_manager - WARNING - create_batches_from_files:110 - Skipping invalid file C:\Users\RD\Documents\files_of_diff\file_45.docx: Unsupported format: .docx
2025-07-09 11:05:58,227 - app.services.batch_manager - WARNING - create_batches_from_files:110 - Skipping invalid file C:\Users\RD\Documents\files_of_diff\file_46.txt: Unsupported format: .txt
2025-07-09 11:05:58,232 - app.services.batch_manager - WARNING - create_batches_from_files:110 - Skipping invalid file C:\Users\RD\Documents\files_of_diff\file_47.docx: Unsupported format: .docx
2025-07-09 11:05:58,477 - app.services.batch_manager - WARNING - create_batches_from_files:110 - Skipping invalid file C:\Users\RD\Documents\files_of_diff\file_60.txt: Unsupported format: .txt
2025-07-09 11:05:58,506 - app.services.batch_manager - WARNING - create_batches_from_files:110 - Skipping invalid file C:\Users\RD\Documents\files_of_diff\file_62.docx: Unsupported format: .docx
2025-07-09 11:05:58,676 - app.services.batch_manager - WARNING - create_batches_from_files:110 - Skipping invalid file C:\Users\RD\Documents\files_of_diff\file_71.txt: Unsupported format: .txt
2025-07-09 11:05:58,709 - app.services.batch_manager - WARNING - create_batches_from_files:110 - Skipping invalid file C:\Users\RD\Documents\files_of_diff\file_75.docx: Unsupported format: .docx
2025-07-09 11:05:58,712 - app.services.batch_manager - WARNING - create_batches_from_files:110 - Skipping invalid file C:\Users\RD\Documents\files_of_diff\file_76.txt: Unsupported format: .txt
2025-07-09 11:05:58,756 - app.services.batch_manager - WARNING - create_batches_from_files:110 - Skipping invalid file C:\Users\RD\Documents\files_of_diff\file_78.txt: Unsupported format: .txt
2025-07-09 11:05:58,891 - app.services.batch_manager - WARNING - create_batches_from_files:110 - Skipping invalid file C:\Users\RD\Documents\files_of_diff\file_90.docx: Unsupported format: .docx
2025-07-09 11:05:58,914 - app.services.batch_manager - WARNING - create_batches_from_files:110 - Skipping invalid file C:\Users\RD\Documents\files_of_diff\file_92.docx: Unsupported format: .docx
2025-07-09 11:05:59,205 - app.services.batch_manager - WARNING - create_batches_from_files:110 - Skipping invalid file C:\Users\RD\Documents\files_of_diff\1006.tif\1006.tif: Invalid file format
2025-07-09 11:05:59,238 - app.services.batch_manager - WARNING - create_batches_from_files:110 - Skipping invalid file C:\Users\RD\Documents\files_of_diff\10082.tif\10082.tif: Invalid file format
2025-07-09 11:05:59,351 - app.utils.metadata_utils - INFO - save_batch_metadata:82 - Saved batch metadata to C:\python\adhaar_fast_api\data\metadata\batch_batch_20250709_001.json
2025-07-09 11:05:59,354 - app.services.batch_manager - INFO - create_batches_from_files:144 - Created batch batch_20250709_001 with 20 files
2025-07-09 11:05:59,393 - app.utils.metadata_utils - INFO - save_batch_metadata:82 - Saved batch metadata to C:\python\adhaar_fast_api\data\metadata\batch_batch_20250709_002.json
2025-07-09 11:05:59,395 - app.services.batch_manager - INFO - create_batches_from_files:144 - Created batch batch_20250709_002 with 20 files
2025-07-09 11:05:59,434 - app.utils.metadata_utils - INFO - save_batch_metadata:82 - Saved batch metadata to C:\python\adhaar_fast_api\data\metadata\batch_batch_20250709_003.json
2025-07-09 11:05:59,437 - app.services.batch_manager - INFO - create_batches_from_files:144 - Created batch batch_20250709_003 with 20 files
2025-07-09 11:05:59,471 - app.utils.metadata_utils - INFO - save_batch_metadata:82 - Saved batch metadata to C:\python\adhaar_fast_api\data\metadata\batch_batch_20250709_004.json
2025-07-09 11:05:59,474 - app.services.batch_manager - INFO - create_batches_from_files:144 - Created batch batch_20250709_004 with 20 files
2025-07-09 11:05:59,515 - app.utils.metadata_utils - INFO - save_batch_metadata:82 - Saved batch metadata to C:\python\adhaar_fast_api\data\metadata\batch_batch_20250709_005.json
2025-07-09 11:05:59,518 - app.services.batch_manager - INFO - create_batches_from_files:144 - Created batch batch_20250709_005 with 20 files
2025-07-09 11:05:59,563 - app.utils.metadata_utils - INFO - save_batch_metadata:82 - Saved batch metadata to C:\python\adhaar_fast_api\data\metadata\batch_batch_20250709_006.json
2025-07-09 11:05:59,564 - app.services.batch_manager - INFO - create_batches_from_files:144 - Created batch batch_20250709_006 with 20 files
2025-07-09 11:05:59,597 - app.utils.metadata_utils - INFO - save_batch_metadata:82 - Saved batch metadata to C:\python\adhaar_fast_api\data\metadata\batch_batch_20250709_007.json
2025-07-09 11:05:59,598 - app.services.batch_manager - INFO - create_batches_from_files:144 - Created batch batch_20250709_007 with 20 files
2025-07-09 11:05:59,642 - app.utils.metadata_utils - INFO - save_batch_metadata:82 - Saved batch metadata to C:\python\adhaar_fast_api\data\metadata\batch_batch_20250709_008.json
2025-07-09 11:05:59,645 - app.services.batch_manager - INFO - create_batches_from_files:144 - Created batch batch_20250709_008 with 13 files
2025-07-09 11:05:59,648 - app.services.batch_manager - INFO - create_batches_from_files:146 - Created 8 batches from 153 files
2025-07-09 11:05:59,650 - app.services.image_processor - INFO - process_batch:33 - Starting processing for batch batch_20250709_001 with 20 files
2025-07-09 11:05:59,687 - app.utils.metadata_utils - INFO - save_batch_metadata:82 - Saved batch metadata to C:\python\adhaar_fast_api\data\metadata\batch_batch_20250709_001.json
2025-07-09 11:05:59,690 - app.services.image_processor - INFO - process_batch:39 - Converting 20 files to JPEG format
2025-07-09 11:05:59,694 - app.services.image_processor - INFO - process_batch:67 - Skipping conversion for JPEG file: file_111.jpeg
2025-07-09 11:05:59,697 - app.services.image_processor - INFO - process_batch:67 - Skipping conversion for JPEG file: file_113.jpeg
2025-07-09 11:06:02,991 - app.utils.metadata_utils - INFO - save_batch_metadata:82 - Saved batch metadata to C:\python\adhaar_fast_api\data\metadata\batch_batch_20250709_001.json
2025-07-09 11:06:03,018 - app.utils.metadata_utils - INFO - save_batch_metadata:82 - Saved batch metadata to C:\python\adhaar_fast_api\data\metadata\batch_batch_20250709_001.json
2025-07-09 11:06:03,044 - app.utils.metadata_utils - INFO - save_batch_metadata:82 - Saved batch metadata to C:\python\adhaar_fast_api\data\metadata\batch_batch_20250709_001.json
2025-07-09 11:06:03,066 - app.utils.metadata_utils - INFO - save_batch_metadata:82 - Saved batch metadata to C:\python\adhaar_fast_api\data\metadata\batch_batch_20250709_001.json
2025-07-09 11:06:03,096 - app.utils.metadata_utils - INFO - save_batch_metadata:82 - Saved batch metadata to C:\python\adhaar_fast_api\data\metadata\batch_batch_20250709_001.json
2025-07-09 11:06:03,098 - app.services.image_processor - INFO - process_batch:92 - Multi-page file file_105_multi.tiff converted to 3 JPEG files
2025-07-09 11:06:03,124 - app.utils.metadata_utils - INFO - save_batch_metadata:82 - Saved batch metadata to C:\python\adhaar_fast_api\data\metadata\batch_batch_20250709_001.json
2025-07-09 11:06:03,151 - app.utils.metadata_utils - INFO - save_batch_metadata:82 - Saved batch metadata to C:\python\adhaar_fast_api\data\metadata\batch_batch_20250709_001.json
2025-07-09 11:06:03,187 - app.utils.metadata_utils - INFO - save_batch_metadata:82 - Saved batch metadata to C:\python\adhaar_fast_api\data\metadata\batch_batch_20250709_001.json
2025-07-09 11:06:03,215 - app.utils.metadata_utils - INFO - save_batch_metadata:82 - Saved batch metadata to C:\python\adhaar_fast_api\data\metadata\batch_batch_20250709_001.json
2025-07-09 11:06:03,246 - app.utils.metadata_utils - INFO - save_batch_metadata:82 - Saved batch metadata to C:\python\adhaar_fast_api\data\metadata\batch_batch_20250709_001.json
2025-07-09 11:06:03,247 - app.services.image_processor - INFO - process_batch:92 - Multi-page file file_10_multi.tiff converted to 3 JPEG files
2025-07-09 11:06:03,280 - app.utils.metadata_utils - INFO - save_batch_metadata:82 - Saved batch metadata to C:\python\adhaar_fast_api\data\metadata\batch_batch_20250709_001.json
2025-07-09 11:06:03,305 - app.utils.metadata_utils - INFO - save_batch_metadata:82 - Saved batch metadata to C:\python\adhaar_fast_api\data\metadata\batch_batch_20250709_001.json
2025-07-09 11:06:03,334 - app.utils.metadata_utils - INFO - save_batch_metadata:82 - Saved batch metadata to C:\python\adhaar_fast_api\data\metadata\batch_batch_20250709_001.json
2025-07-09 11:06:03,367 - app.utils.metadata_utils - INFO - save_batch_metadata:82 - Saved batch metadata to C:\python\adhaar_fast_api\data\metadata\batch_batch_20250709_001.json
2025-07-09 11:06:03,402 - app.utils.metadata_utils - INFO - save_batch_metadata:82 - Saved batch metadata to C:\python\adhaar_fast_api\data\metadata\batch_batch_20250709_001.json
2025-07-09 11:06:03,434 - app.utils.metadata_utils - INFO - save_batch_metadata:82 - Saved batch metadata to C:\python\adhaar_fast_api\data\metadata\batch_batch_20250709_001.json
2025-07-09 11:06:03,467 - app.utils.metadata_utils - INFO - save_batch_metadata:82 - Saved batch metadata to C:\python\adhaar_fast_api\data\metadata\batch_batch_20250709_001.json
2025-07-09 11:06:03,503 - app.utils.metadata_utils - INFO - save_batch_metadata:82 - Saved batch metadata to C:\python\adhaar_fast_api\data\metadata\batch_batch_20250709_001.json
2025-07-09 11:06:03,542 - app.utils.metadata_utils - INFO - save_batch_metadata:82 - Saved batch metadata to C:\python\adhaar_fast_api\data\metadata\batch_batch_20250709_001.json
2025-07-09 11:06:03,571 - app.utils.metadata_utils - INFO - save_batch_metadata:82 - Saved batch metadata to C:\python\adhaar_fast_api\data\metadata\batch_batch_20250709_001.json
2025-07-09 11:06:03,573 - app.services.image_processor - INFO - process_batch:102 - Starting AI processing for batch batch_20250709_001 with 24 JPEG files
2025-07-09 11:06:03,576 - app.services.ai_simulator - INFO - process_images_batch:22 - Starting AI processing for 24 images
2025-07-09 11:06:04,102 - app.services.ai_simulator - INFO - process_images_batch:47 - AI processing completed: 21/24 successful
2025-07-09 11:06:04,105 - app.services.image_processor - INFO - process_batch:106 - AI processing completed for 24 files
2025-07-09 11:06:04,110 - app.services.image_processor - INFO - process_batch:110 - AI processing: 21/24 successful
2025-07-09 11:06:04,114 - app.services.image_processor - INFO - process_batch:115 - Converting processed files back to original format
2025-07-09 11:06:05,728 - app.utils.metadata_utils - INFO - save_batch_metadata:82 - Saved batch metadata to C:\python\adhaar_fast_api\data\metadata\batch_batch_20250709_001.json
2025-07-09 11:06:05,758 - app.utils.metadata_utils - INFO - save_batch_metadata:82 - Saved batch metadata to C:\python\adhaar_fast_api\data\metadata\batch_batch_20250709_001.json
2025-07-09 11:06:05,787 - app.utils.metadata_utils - INFO - save_batch_metadata:82 - Saved batch metadata to C:\python\adhaar_fast_api\data\metadata\batch_batch_20250709_001.json
2025-07-09 11:06:05,812 - app.utils.metadata_utils - INFO - save_batch_metadata:82 - Saved batch metadata to C:\python\adhaar_fast_api\data\metadata\batch_batch_20250709_001.json
2025-07-09 11:06:05,844 - app.utils.metadata_utils - INFO - save_batch_metadata:82 - Saved batch metadata to C:\python\adhaar_fast_api\data\metadata\batch_batch_20250709_001.json
2025-07-09 11:06:05,874 - app.utils.metadata_utils - INFO - save_batch_metadata:82 - Saved batch metadata to C:\python\adhaar_fast_api\data\metadata\batch_batch_20250709_001.json
2025-07-09 11:06:05,902 - app.utils.metadata_utils - INFO - save_batch_metadata:82 - Saved batch metadata to C:\python\adhaar_fast_api\data\metadata\batch_batch_20250709_001.json
2025-07-09 11:06:05,929 - app.utils.metadata_utils - INFO - save_batch_metadata:82 - Saved batch metadata to C:\python\adhaar_fast_api\data\metadata\batch_batch_20250709_001.json
2025-07-09 11:06:05,959 - app.utils.metadata_utils - INFO - save_batch_metadata:82 - Saved batch metadata to C:\python\adhaar_fast_api\data\metadata\batch_batch_20250709_001.json
2025-07-09 11:06:05,987 - app.utils.metadata_utils - INFO - save_batch_metadata:82 - Saved batch metadata to C:\python\adhaar_fast_api\data\metadata\batch_batch_20250709_001.json
2025-07-09 11:06:06,015 - app.utils.metadata_utils - INFO - save_batch_metadata:82 - Saved batch metadata to C:\python\adhaar_fast_api\data\metadata\batch_batch_20250709_001.json
2025-07-09 11:06:06,041 - app.utils.metadata_utils - INFO - save_batch_metadata:82 - Saved batch metadata to C:\python\adhaar_fast_api\data\metadata\batch_batch_20250709_001.json
2025-07-09 11:06:06,070 - app.utils.metadata_utils - INFO - save_batch_metadata:82 - Saved batch metadata to C:\python\adhaar_fast_api\data\metadata\batch_batch_20250709_001.json
2025-07-09 11:06:06,099 - app.utils.metadata_utils - INFO - save_batch_metadata:82 - Saved batch metadata to C:\python\adhaar_fast_api\data\metadata\batch_batch_20250709_001.json
2025-07-09 11:06:06,127 - app.utils.metadata_utils - INFO - save_batch_metadata:82 - Saved batch metadata to C:\python\adhaar_fast_api\data\metadata\batch_batch_20250709_001.json
2025-07-09 11:06:06,155 - app.utils.metadata_utils - INFO - save_batch_metadata:82 - Saved batch metadata to C:\python\adhaar_fast_api\data\metadata\batch_batch_20250709_001.json
2025-07-09 11:06:06,180 - app.utils.metadata_utils - INFO - save_batch_metadata:82 - Saved batch metadata to C:\python\adhaar_fast_api\data\metadata\batch_batch_20250709_001.json
2025-07-09 11:06:06,207 - app.utils.metadata_utils - INFO - save_batch_metadata:82 - Saved batch metadata to C:\python\adhaar_fast_api\data\metadata\batch_batch_20250709_001.json
2025-07-09 11:06:06,232 - app.utils.metadata_utils - INFO - save_batch_metadata:82 - Saved batch metadata to C:\python\adhaar_fast_api\data\metadata\batch_batch_20250709_001.json
2025-07-09 11:06:06,258 - app.utils.metadata_utils - INFO - save_batch_metadata:82 - Saved batch metadata to C:\python\adhaar_fast_api\data\metadata\batch_batch_20250709_001.json
2025-07-09 11:06:06,260 - app.services.image_processor - INFO - process_batch:140 - Batch batch_20250709_001 processing completed with status: ProcessingStatus.COMPLETED
2025-07-09 11:06:06,278 - app.services.image_processor - INFO - process_batch:33 - Starting processing for batch batch_20250709_002 with 20 files
2025-07-09 11:06:06,314 - app.utils.metadata_utils - INFO - save_batch_metadata:82 - Saved batch metadata to C:\python\adhaar_fast_api\data\metadata\batch_batch_20250709_002.json
2025-07-09 11:06:06,316 - app.services.image_processor - INFO - process_batch:39 - Converting 20 files to JPEG format
2025-07-09 11:06:06,317 - app.services.image_processor - INFO - process_batch:67 - Skipping conversion for JPEG file: file_125.jpeg
2025-07-09 11:06:06,320 - app.services.image_processor - INFO - process_batch:67 - Skipping conversion for JPEG file: file_140.jpeg
2025-07-09 11:06:07,950 - app.utils.metadata_utils - INFO - save_batch_metadata:82 - Saved batch metadata to C:\python\adhaar_fast_api\data\metadata\batch_batch_20250709_002.json
2025-07-09 11:06:07,977 - app.utils.metadata_utils - INFO - save_batch_metadata:82 - Saved batch metadata to C:\python\adhaar_fast_api\data\metadata\batch_batch_20250709_002.json
2025-07-09 11:06:08,004 - app.utils.metadata_utils - INFO - save_batch_metadata:82 - Saved batch metadata to C:\python\adhaar_fast_api\data\metadata\batch_batch_20250709_002.json
2025-07-09 11:06:08,006 - app.services.image_processor - INFO - process_batch:92 - Multi-page file file_126_multi.tiff converted to 3 JPEG files
2025-07-09 11:06:08,033 - app.utils.metadata_utils - INFO - save_batch_metadata:82 - Saved batch metadata to C:\python\adhaar_fast_api\data\metadata\batch_batch_20250709_002.json
2025-07-09 11:06:08,058 - app.utils.metadata_utils - INFO - save_batch_metadata:82 - Saved batch metadata to C:\python\adhaar_fast_api\data\metadata\batch_batch_20250709_002.json
2025-07-09 11:06:08,091 - app.utils.metadata_utils - INFO - save_batch_metadata:82 - Saved batch metadata to C:\python\adhaar_fast_api\data\metadata\batch_batch_20250709_002.json
2025-07-09 11:06:08,114 - app.utils.metadata_utils - INFO - save_batch_metadata:82 - Saved batch metadata to C:\python\adhaar_fast_api\data\metadata\batch_batch_20250709_002.json
2025-07-09 11:06:08,118 - app.services.image_processor - INFO - process_batch:92 - Multi-page file file_131_multi.tiff converted to 3 JPEG files
2025-07-09 11:06:08,149 - app.utils.metadata_utils - INFO - save_batch_metadata:82 - Saved batch metadata to C:\python\adhaar_fast_api\data\metadata\batch_batch_20250709_002.json
2025-07-09 11:06:08,152 - app.services.image_processor - INFO - process_batch:92 - Multi-page file file_132_multi.tiff converted to 3 JPEG files
2025-07-09 11:06:08,179 - app.utils.metadata_utils - INFO - save_batch_metadata:82 - Saved batch metadata to C:\python\adhaar_fast_api\data\metadata\batch_batch_20250709_002.json
2025-07-09 11:06:08,181 - app.services.image_processor - INFO - process_batch:92 - Multi-page file file_133_multi.tiff converted to 3 JPEG files
2025-07-09 11:06:08,208 - app.utils.metadata_utils - INFO - save_batch_metadata:82 - Saved batch metadata to C:\python\adhaar_fast_api\data\metadata\batch_batch_20250709_002.json
2025-07-09 11:06:08,230 - app.utils.metadata_utils - INFO - save_batch_metadata:82 - Saved batch metadata to C:\python\adhaar_fast_api\data\metadata\batch_batch_20250709_002.json
2025-07-09 11:06:08,260 - app.utils.metadata_utils - INFO - save_batch_metadata:82 - Saved batch metadata to C:\python\adhaar_fast_api\data\metadata\batch_batch_20250709_002.json
2025-07-09 11:06:08,292 - app.utils.metadata_utils - INFO - save_batch_metadata:82 - Saved batch metadata to C:\python\adhaar_fast_api\data\metadata\batch_batch_20250709_002.json
2025-07-09 11:06:08,319 - app.utils.metadata_utils - INFO - save_batch_metadata:82 - Saved batch metadata to C:\python\adhaar_fast_api\data\metadata\batch_batch_20250709_002.json
2025-07-09 11:06:08,345 - app.utils.metadata_utils - INFO - save_batch_metadata:82 - Saved batch metadata to C:\python\adhaar_fast_api\data\metadata\batch_batch_20250709_002.json
2025-07-09 11:06:08,371 - app.utils.metadata_utils - INFO - save_batch_metadata:82 - Saved batch metadata to C:\python\adhaar_fast_api\data\metadata\batch_batch_20250709_002.json
2025-07-09 11:06:08,397 - app.utils.metadata_utils - INFO - save_batch_metadata:82 - Saved batch metadata to C:\python\adhaar_fast_api\data\metadata\batch_batch_20250709_002.json
2025-07-09 11:06:08,423 - app.utils.metadata_utils - INFO - save_batch_metadata:82 - Saved batch metadata to C:\python\adhaar_fast_api\data\metadata\batch_batch_20250709_002.json
2025-07-09 11:06:08,449 - app.utils.metadata_utils - INFO - save_batch_metadata:82 - Saved batch metadata to C:\python\adhaar_fast_api\data\metadata\batch_batch_20250709_002.json
2025-07-09 11:06:08,452 - app.services.image_processor - INFO - process_batch:92 - Multi-page file file_148_multi.tiff converted to 3 JPEG files
2025-07-09 11:06:08,477 - app.utils.metadata_utils - INFO - save_batch_metadata:82 - Saved batch metadata to C:\python\adhaar_fast_api\data\metadata\batch_batch_20250709_002.json
2025-07-09 11:06:08,479 - app.services.image_processor - INFO - process_batch:102 - Starting AI processing for batch batch_20250709_002 with 30 JPEG files
2025-07-09 11:06:08,481 - app.services.ai_simulator - INFO - process_images_batch:22 - Starting AI processing for 30 images
2025-07-09 11:06:08,996 - app.services.ai_simulator - INFO - process_images_batch:47 - AI processing completed: 29/30 successful
2025-07-09 11:06:09,006 - app.services.image_processor - INFO - process_batch:106 - AI processing completed for 30 files
2025-07-09 11:06:09,011 - app.services.image_processor - INFO - process_batch:110 - AI processing: 29/30 successful
2025-07-09 11:06:09,017 - app.services.image_processor - INFO - process_batch:115 - Converting processed files back to original format
2025-07-09 11:06:10,263 - app.utils.metadata_utils - INFO - save_batch_metadata:82 - Saved batch metadata to C:\python\adhaar_fast_api\data\metadata\batch_batch_20250709_002.json
2025-07-09 11:06:10,314 - app.utils.metadata_utils - INFO - save_batch_metadata:82 - Saved batch metadata to C:\python\adhaar_fast_api\data\metadata\batch_batch_20250709_002.json
2025-07-09 11:06:10,373 - app.utils.metadata_utils - INFO - save_batch_metadata:82 - Saved batch metadata to C:\python\adhaar_fast_api\data\metadata\batch_batch_20250709_002.json
2025-07-09 11:06:10,426 - app.utils.metadata_utils - INFO - save_batch_metadata:82 - Saved batch metadata to C:\python\adhaar_fast_api\data\metadata\batch_batch_20250709_002.json
2025-07-09 11:06:10,468 - app.utils.metadata_utils - INFO - save_batch_metadata:82 - Saved batch metadata to C:\python\adhaar_fast_api\data\metadata\batch_batch_20250709_002.json
2025-07-09 11:06:10,499 - app.utils.metadata_utils - INFO - save_batch_metadata:82 - Saved batch metadata to C:\python\adhaar_fast_api\data\metadata\batch_batch_20250709_002.json
2025-07-09 11:06:10,546 - app.utils.metadata_utils - INFO - save_batch_metadata:82 - Saved batch metadata to C:\python\adhaar_fast_api\data\metadata\batch_batch_20250709_002.json
2025-07-09 11:06:10,598 - app.utils.metadata_utils - INFO - save_batch_metadata:82 - Saved batch metadata to C:\python\adhaar_fast_api\data\metadata\batch_batch_20250709_002.json
2025-07-09 11:06:10,649 - app.utils.metadata_utils - INFO - save_batch_metadata:82 - Saved batch metadata to C:\python\adhaar_fast_api\data\metadata\batch_batch_20250709_002.json
2025-07-09 11:06:10,706 - app.utils.metadata_utils - INFO - save_batch_metadata:82 - Saved batch metadata to C:\python\adhaar_fast_api\data\metadata\batch_batch_20250709_002.json
2025-07-09 11:06:10,758 - app.utils.metadata_utils - INFO - save_batch_metadata:82 - Saved batch metadata to C:\python\adhaar_fast_api\data\metadata\batch_batch_20250709_002.json
2025-07-09 11:06:10,809 - app.utils.metadata_utils - INFO - save_batch_metadata:82 - Saved batch metadata to C:\python\adhaar_fast_api\data\metadata\batch_batch_20250709_002.json
2025-07-09 11:06:10,864 - app.utils.metadata_utils - INFO - save_batch_metadata:82 - Saved batch metadata to C:\python\adhaar_fast_api\data\metadata\batch_batch_20250709_002.json
2025-07-09 11:06:10,916 - app.utils.metadata_utils - INFO - save_batch_metadata:82 - Saved batch metadata to C:\python\adhaar_fast_api\data\metadata\batch_batch_20250709_002.json
2025-07-09 11:06:11,006 - app.utils.metadata_utils - INFO - save_batch_metadata:82 - Saved batch metadata to C:\python\adhaar_fast_api\data\metadata\batch_batch_20250709_002.json
2025-07-09 11:06:11,058 - app.utils.metadata_utils - INFO - save_batch_metadata:82 - Saved batch metadata to C:\python\adhaar_fast_api\data\metadata\batch_batch_20250709_002.json
2025-07-09 11:06:11,108 - app.utils.metadata_utils - INFO - save_batch_metadata:82 - Saved batch metadata to C:\python\adhaar_fast_api\data\metadata\batch_batch_20250709_002.json
2025-07-09 11:06:11,158 - app.utils.metadata_utils - INFO - save_batch_metadata:82 - Saved batch metadata to C:\python\adhaar_fast_api\data\metadata\batch_batch_20250709_002.json
2025-07-09 11:06:11,209 - app.utils.metadata_utils - INFO - save_batch_metadata:82 - Saved batch metadata to C:\python\adhaar_fast_api\data\metadata\batch_batch_20250709_002.json
2025-07-09 11:06:11,259 - app.utils.metadata_utils - INFO - save_batch_metadata:82 - Saved batch metadata to C:\python\adhaar_fast_api\data\metadata\batch_batch_20250709_002.json
2025-07-09 11:06:11,264 - app.services.image_processor - INFO - process_batch:140 - Batch batch_20250709_002 processing completed with status: ProcessingStatus.COMPLETED
2025-07-09 11:06:11,312 - app.services.image_processor - INFO - process_batch:33 - Starting processing for batch batch_20250709_003 with 20 files
2025-07-09 11:06:11,361 - app.utils.metadata_utils - INFO - save_batch_metadata:82 - Saved batch metadata to C:\python\adhaar_fast_api\data\metadata\batch_batch_20250709_003.json
2025-07-09 11:06:11,366 - app.services.image_processor - INFO - process_batch:39 - Converting 20 files to JPEG format
2025-07-09 11:06:11,370 - app.services.image_processor - INFO - process_batch:67 - Skipping conversion for JPEG file: file_161.jpeg
2025-07-09 11:06:11,376 - app.services.image_processor - INFO - process_batch:67 - Skipping conversion for JPEG file: file_167.jpeg
2025-07-09 11:06:11,383 - app.services.image_processor - INFO - process_batch:67 - Skipping conversion for JPEG file: file_17.jpeg
2025-07-09 11:06:11,390 - app.services.image_processor - INFO - process_batch:67 - Skipping conversion for JPEG file: file_171.jpeg
2025-07-09 11:06:11,394 - app.services.image_processor - INFO - process_batch:67 - Skipping conversion for JPEG file: file_172.jpeg
2025-07-09 11:06:11,398 - app.services.image_processor - INFO - process_batch:67 - Skipping conversion for JPEG file: file_175.jpeg
2025-07-09 11:06:13,058 - app.utils.metadata_utils - INFO - save_batch_metadata:82 - Saved batch metadata to C:\python\adhaar_fast_api\data\metadata\batch_batch_20250709_003.json
2025-07-09 11:06:13,087 - app.utils.metadata_utils - INFO - save_batch_metadata:82 - Saved batch metadata to C:\python\adhaar_fast_api\data\metadata\batch_batch_20250709_003.json
2025-07-09 11:06:13,107 - app.utils.metadata_utils - INFO - save_batch_metadata:82 - Saved batch metadata to C:\python\adhaar_fast_api\data\metadata\batch_batch_20250709_003.json
2025-07-09 11:06:13,126 - app.utils.metadata_utils - INFO - save_batch_metadata:82 - Saved batch metadata to C:\python\adhaar_fast_api\data\metadata\batch_batch_20250709_003.json
2025-07-09 11:06:13,154 - app.utils.metadata_utils - INFO - save_batch_metadata:82 - Saved batch metadata to C:\python\adhaar_fast_api\data\metadata\batch_batch_20250709_003.json
2025-07-09 11:06:13,182 - app.utils.metadata_utils - INFO - save_batch_metadata:82 - Saved batch metadata to C:\python\adhaar_fast_api\data\metadata\batch_batch_20250709_003.json
2025-07-09 11:06:13,210 - app.utils.metadata_utils - INFO - save_batch_metadata:82 - Saved batch metadata to C:\python\adhaar_fast_api\data\metadata\batch_batch_20250709_003.json
2025-07-09 11:06:13,239 - app.utils.metadata_utils - INFO - save_batch_metadata:82 - Saved batch metadata to C:\python\adhaar_fast_api\data\metadata\batch_batch_20250709_003.json
2025-07-09 11:06:13,268 - app.utils.metadata_utils - INFO - save_batch_metadata:82 - Saved batch metadata to C:\python\adhaar_fast_api\data\metadata\batch_batch_20250709_003.json
2025-07-09 11:06:13,271 - app.services.image_processor - INFO - process_batch:92 - Multi-page file file_158_multi.tiff converted to 3 JPEG files
2025-07-09 11:06:13,295 - app.utils.metadata_utils - INFO - save_batch_metadata:82 - Saved batch metadata to C:\python\adhaar_fast_api\data\metadata\batch_batch_20250709_003.json
2025-07-09 11:06:13,305 - app.services.image_processor - INFO - process_batch:92 - Multi-page file file_159_multi.tiff converted to 3 JPEG files
2025-07-09 11:06:13,335 - app.utils.metadata_utils - INFO - save_batch_metadata:82 - Saved batch metadata to C:\python\adhaar_fast_api\data\metadata\batch_batch_20250709_003.json
2025-07-09 11:06:13,338 - app.services.image_processor - INFO - process_batch:92 - Multi-page file file_15_multi.tiff converted to 3 JPEG files
2025-07-09 11:06:13,365 - app.utils.metadata_utils - INFO - save_batch_metadata:82 - Saved batch metadata to C:\python\adhaar_fast_api\data\metadata\batch_batch_20250709_003.json
2025-07-09 11:06:13,394 - app.utils.metadata_utils - INFO - save_batch_metadata:82 - Saved batch metadata to C:\python\adhaar_fast_api\data\metadata\batch_batch_20250709_003.json
2025-07-09 11:06:13,397 - app.services.image_processor - INFO - process_batch:92 - Multi-page file file_160_multi.tiff converted to 3 JPEG files
2025-07-09 11:06:13,430 - app.utils.metadata_utils - INFO - save_batch_metadata:82 - Saved batch metadata to C:\python\adhaar_fast_api\data\metadata\batch_batch_20250709_003.json
2025-07-09 11:06:13,469 - app.utils.metadata_utils - INFO - save_batch_metadata:82 - Saved batch metadata to C:\python\adhaar_fast_api\data\metadata\batch_batch_20250709_003.json
2025-07-09 11:06:13,500 - app.utils.metadata_utils - INFO - save_batch_metadata:82 - Saved batch metadata to C:\python\adhaar_fast_api\data\metadata\batch_batch_20250709_003.json
2025-07-09 11:06:13,529 - app.utils.metadata_utils - INFO - save_batch_metadata:82 - Saved batch metadata to C:\python\adhaar_fast_api\data\metadata\batch_batch_20250709_003.json
2025-07-09 11:06:13,564 - app.utils.metadata_utils - INFO - save_batch_metadata:82 - Saved batch metadata to C:\python\adhaar_fast_api\data\metadata\batch_batch_20250709_003.json
2025-07-09 11:06:13,593 - app.utils.metadata_utils - INFO - save_batch_metadata:82 - Saved batch metadata to C:\python\adhaar_fast_api\data\metadata\batch_batch_20250709_003.json
2025-07-09 11:06:13,629 - app.utils.metadata_utils - INFO - save_batch_metadata:82 - Saved batch metadata to C:\python\adhaar_fast_api\data\metadata\batch_batch_20250709_003.json
2025-07-09 11:06:13,630 - app.services.image_processor - INFO - process_batch:102 - Starting AI processing for batch batch_20250709_003 with 28 JPEG files
2025-07-09 11:06:13,633 - app.services.ai_simulator - INFO - process_images_batch:22 - Starting AI processing for 28 images
2025-07-09 11:06:14,148 - app.services.ai_simulator - INFO - process_images_batch:47 - AI processing completed: 28/28 successful
2025-07-09 11:06:14,157 - app.services.image_processor - INFO - process_batch:106 - AI processing completed for 28 files
2025-07-09 11:06:14,162 - app.services.image_processor - INFO - process_batch:110 - AI processing: 28/28 successful
2025-07-09 11:06:14,167 - app.services.image_processor - INFO - process_batch:115 - Converting processed files back to original format
2025-07-09 11:06:15,408 - app.utils.metadata_utils - INFO - save_batch_metadata:82 - Saved batch metadata to C:\python\adhaar_fast_api\data\metadata\batch_batch_20250709_003.json
2025-07-09 11:06:15,459 - app.utils.metadata_utils - INFO - save_batch_metadata:82 - Saved batch metadata to C:\python\adhaar_fast_api\data\metadata\batch_batch_20250709_003.json
2025-07-09 11:06:15,509 - app.utils.metadata_utils - INFO - save_batch_metadata:82 - Saved batch metadata to C:\python\adhaar_fast_api\data\metadata\batch_batch_20250709_003.json
2025-07-09 11:06:15,554 - app.utils.metadata_utils - INFO - save_batch_metadata:82 - Saved batch metadata to C:\python\adhaar_fast_api\data\metadata\batch_batch_20250709_003.json
2025-07-09 11:06:15,606 - app.utils.metadata_utils - INFO - save_batch_metadata:82 - Saved batch metadata to C:\python\adhaar_fast_api\data\metadata\batch_batch_20250709_003.json
2025-07-09 11:06:15,637 - app.utils.metadata_utils - INFO - save_batch_metadata:82 - Saved batch metadata to C:\python\adhaar_fast_api\data\metadata\batch_batch_20250709_003.json
2025-07-09 11:06:15,670 - app.utils.metadata_utils - INFO - save_batch_metadata:82 - Saved batch metadata to C:\python\adhaar_fast_api\data\metadata\batch_batch_20250709_003.json
2025-07-09 11:06:15,710 - app.utils.metadata_utils - INFO - save_batch_metadata:82 - Saved batch metadata to C:\python\adhaar_fast_api\data\metadata\batch_batch_20250709_003.json
2025-07-09 11:06:15,745 - app.utils.metadata_utils - INFO - save_batch_metadata:82 - Saved batch metadata to C:\python\adhaar_fast_api\data\metadata\batch_batch_20250709_003.json
2025-07-09 11:06:15,783 - app.utils.metadata_utils - INFO - save_batch_metadata:82 - Saved batch metadata to C:\python\adhaar_fast_api\data\metadata\batch_batch_20250709_003.json
2025-07-09 11:06:15,843 - app.utils.metadata_utils - INFO - save_batch_metadata:82 - Saved batch metadata to C:\python\adhaar_fast_api\data\metadata\batch_batch_20250709_003.json
2025-07-09 11:06:15,894 - app.utils.metadata_utils - INFO - save_batch_metadata:82 - Saved batch metadata to C:\python\adhaar_fast_api\data\metadata\batch_batch_20250709_003.json
2025-07-09 11:06:15,927 - app.utils.metadata_utils - INFO - save_batch_metadata:82 - Saved batch metadata to C:\python\adhaar_fast_api\data\metadata\batch_batch_20250709_003.json
2025-07-09 11:06:15,974 - app.utils.metadata_utils - INFO - save_batch_metadata:82 - Saved batch metadata to C:\python\adhaar_fast_api\data\metadata\batch_batch_20250709_003.json
2025-07-09 11:06:16,020 - app.utils.metadata_utils - INFO - save_batch_metadata:82 - Saved batch metadata to C:\python\adhaar_fast_api\data\metadata\batch_batch_20250709_003.json
2025-07-09 11:06:16,069 - app.utils.metadata_utils - INFO - save_batch_metadata:82 - Saved batch metadata to C:\python\adhaar_fast_api\data\metadata\batch_batch_20250709_003.json
2025-07-09 11:06:16,074 - app.services.image_processor - INFO - process_batch:140 - Batch batch_20250709_003 processing completed with status: ProcessingStatus.COMPLETED
2025-07-09 11:06:16,113 - app.services.image_processor - INFO - process_batch:33 - Starting processing for batch batch_20250709_004 with 20 files
2025-07-09 11:06:16,174 - app.utils.metadata_utils - INFO - save_batch_metadata:82 - Saved batch metadata to C:\python\adhaar_fast_api\data\metadata\batch_batch_20250709_004.json
2025-07-09 11:06:16,179 - app.services.image_processor - INFO - process_batch:39 - Converting 20 files to JPEG format
2025-07-09 11:06:16,183 - app.services.image_processor - INFO - process_batch:67 - Skipping conversion for JPEG file: file_181.jpeg
2025-07-09 11:06:16,190 - app.services.image_processor - INFO - process_batch:67 - Skipping conversion for JPEG file: file_199.jpeg
2025-07-09 11:06:17,524 - app.utils.metadata_utils - INFO - save_batch_metadata:82 - Saved batch metadata to C:\python\adhaar_fast_api\data\metadata\batch_batch_20250709_004.json
2025-07-09 11:06:17,551 - app.utils.metadata_utils - INFO - save_batch_metadata:82 - Saved batch metadata to C:\python\adhaar_fast_api\data\metadata\batch_batch_20250709_004.json
2025-07-09 11:06:17,555 - app.services.image_processor - INFO - process_batch:92 - Multi-page file file_178_multi.tiff converted to 3 JPEG files
2025-07-09 11:06:17,579 - app.utils.metadata_utils - INFO - save_batch_metadata:82 - Saved batch metadata to C:\python\adhaar_fast_api\data\metadata\batch_batch_20250709_004.json
2025-07-09 11:06:17,607 - app.utils.metadata_utils - INFO - save_batch_metadata:82 - Saved batch metadata to C:\python\adhaar_fast_api\data\metadata\batch_batch_20250709_004.json
2025-07-09 11:06:17,630 - app.utils.metadata_utils - INFO - save_batch_metadata:82 - Saved batch metadata to C:\python\adhaar_fast_api\data\metadata\batch_batch_20250709_004.json
2025-07-09 11:06:17,662 - app.utils.metadata_utils - INFO - save_batch_metadata:82 - Saved batch metadata to C:\python\adhaar_fast_api\data\metadata\batch_batch_20250709_004.json
2025-07-09 11:06:17,664 - app.services.image_processor - INFO - process_batch:92 - Multi-page file file_183_multi.tiff converted to 3 JPEG files
2025-07-09 11:06:17,691 - app.utils.metadata_utils - INFO - save_batch_metadata:82 - Saved batch metadata to C:\python\adhaar_fast_api\data\metadata\batch_batch_20250709_004.json
2025-07-09 11:06:17,717 - app.utils.metadata_utils - INFO - save_batch_metadata:82 - Saved batch metadata to C:\python\adhaar_fast_api\data\metadata\batch_batch_20250709_004.json
2025-07-09 11:06:17,720 - app.services.image_processor - INFO - process_batch:92 - Multi-page file file_185_multi.tiff converted to 3 JPEG files
2025-07-09 11:06:17,744 - app.utils.metadata_utils - INFO - save_batch_metadata:82 - Saved batch metadata to C:\python\adhaar_fast_api\data\metadata\batch_batch_20250709_004.json
2025-07-09 11:06:17,773 - app.utils.metadata_utils - INFO - save_batch_metadata:82 - Saved batch metadata to C:\python\adhaar_fast_api\data\metadata\batch_batch_20250709_004.json
2025-07-09 11:06:17,800 - app.utils.metadata_utils - INFO - save_batch_metadata:82 - Saved batch metadata to C:\python\adhaar_fast_api\data\metadata\batch_batch_20250709_004.json
2025-07-09 11:06:17,832 - app.utils.metadata_utils - INFO - save_batch_metadata:82 - Saved batch metadata to C:\python\adhaar_fast_api\data\metadata\batch_batch_20250709_004.json
2025-07-09 11:06:17,865 - app.utils.metadata_utils - INFO - save_batch_metadata:82 - Saved batch metadata to C:\python\adhaar_fast_api\data\metadata\batch_batch_20250709_004.json
2025-07-09 11:06:17,898 - app.utils.metadata_utils - INFO - save_batch_metadata:82 - Saved batch metadata to C:\python\adhaar_fast_api\data\metadata\batch_batch_20250709_004.json
2025-07-09 11:06:17,925 - app.utils.metadata_utils - INFO - save_batch_metadata:82 - Saved batch metadata to C:\python\adhaar_fast_api\data\metadata\batch_batch_20250709_004.json
2025-07-09 11:06:17,953 - app.utils.metadata_utils - INFO - save_batch_metadata:82 - Saved batch metadata to C:\python\adhaar_fast_api\data\metadata\batch_batch_20250709_004.json
2025-07-09 11:06:17,983 - app.utils.metadata_utils - INFO - save_batch_metadata:82 - Saved batch metadata to C:\python\adhaar_fast_api\data\metadata\batch_batch_20250709_004.json
2025-07-09 11:06:17,986 - app.services.image_processor - INFO - process_batch:92 - Multi-page file file_198_multi.tiff converted to 3 JPEG files
2025-07-09 11:06:18,012 - app.utils.metadata_utils - INFO - save_batch_metadata:82 - Saved batch metadata to C:\python\adhaar_fast_api\data\metadata\batch_batch_20250709_004.json
2025-07-09 11:06:18,047 - app.utils.metadata_utils - INFO - save_batch_metadata:82 - Saved batch metadata to C:\python\adhaar_fast_api\data\metadata\batch_batch_20250709_004.json
2025-07-09 11:06:18,049 - app.services.image_processor - INFO - process_batch:92 - Multi-page file file_22_multi.tiff converted to 3 JPEG files
2025-07-09 11:06:18,077 - app.utils.metadata_utils - INFO - save_batch_metadata:82 - Saved batch metadata to C:\python\adhaar_fast_api\data\metadata\batch_batch_20250709_004.json
2025-07-09 11:06:18,079 - app.services.image_processor - INFO - process_batch:102 - Starting AI processing for batch batch_20250709_004 with 30 JPEG files
2025-07-09 11:06:18,082 - app.services.ai_simulator - INFO - process_images_batch:22 - Starting AI processing for 30 images
2025-07-09 11:06:18,599 - app.services.ai_simulator - INFO - process_images_batch:47 - AI processing completed: 28/30 successful
2025-07-09 11:06:18,599 - app.services.image_processor - INFO - process_batch:106 - AI processing completed for 30 files
2025-07-09 11:06:18,605 - app.services.image_processor - INFO - process_batch:110 - AI processing: 28/30 successful
2025-07-09 11:06:18,608 - app.services.image_processor - INFO - process_batch:115 - Converting processed files back to original format
2025-07-09 11:06:19,532 - app.utils.metadata_utils - INFO - save_batch_metadata:82 - Saved batch metadata to C:\python\adhaar_fast_api\data\metadata\batch_batch_20250709_004.json
2025-07-09 11:06:19,586 - app.utils.metadata_utils - INFO - save_batch_metadata:82 - Saved batch metadata to C:\python\adhaar_fast_api\data\metadata\batch_batch_20250709_004.json
2025-07-09 11:06:19,613 - app.utils.metadata_utils - INFO - save_batch_metadata:82 - Saved batch metadata to C:\python\adhaar_fast_api\data\metadata\batch_batch_20250709_004.json
2025-07-09 11:06:19,644 - app.utils.metadata_utils - INFO - save_batch_metadata:82 - Saved batch metadata to C:\python\adhaar_fast_api\data\metadata\batch_batch_20250709_004.json
2025-07-09 11:06:19,689 - app.utils.metadata_utils - INFO - save_batch_metadata:82 - Saved batch metadata to C:\python\adhaar_fast_api\data\metadata\batch_batch_20250709_004.json
2025-07-09 11:06:19,751 - app.utils.metadata_utils - INFO - save_batch_metadata:82 - Saved batch metadata to C:\python\adhaar_fast_api\data\metadata\batch_batch_20250709_004.json
2025-07-09 11:06:19,806 - app.utils.metadata_utils - INFO - save_batch_metadata:82 - Saved batch metadata to C:\python\adhaar_fast_api\data\metadata\batch_batch_20250709_004.json
2025-07-09 11:06:19,855 - app.utils.metadata_utils - INFO - save_batch_metadata:82 - Saved batch metadata to C:\python\adhaar_fast_api\data\metadata\batch_batch_20250709_004.json
2025-07-09 11:06:19,884 - app.utils.metadata_utils - INFO - save_batch_metadata:82 - Saved batch metadata to C:\python\adhaar_fast_api\data\metadata\batch_batch_20250709_004.json
2025-07-09 11:06:19,923 - app.utils.metadata_utils - INFO - save_batch_metadata:82 - Saved batch metadata to C:\python\adhaar_fast_api\data\metadata\batch_batch_20250709_004.json
2025-07-09 11:06:19,960 - app.utils.metadata_utils - INFO - save_batch_metadata:82 - Saved batch metadata to C:\python\adhaar_fast_api\data\metadata\batch_batch_20250709_004.json
2025-07-09 11:06:20,006 - app.utils.metadata_utils - INFO - save_batch_metadata:82 - Saved batch metadata to C:\python\adhaar_fast_api\data\metadata\batch_batch_20250709_004.json
2025-07-09 11:06:20,042 - app.utils.metadata_utils - INFO - save_batch_metadata:82 - Saved batch metadata to C:\python\adhaar_fast_api\data\metadata\batch_batch_20250709_004.json
2025-07-09 11:06:20,077 - app.utils.metadata_utils - INFO - save_batch_metadata:82 - Saved batch metadata to C:\python\adhaar_fast_api\data\metadata\batch_batch_20250709_004.json
2025-07-09 11:06:20,108 - app.utils.metadata_utils - INFO - save_batch_metadata:82 - Saved batch metadata to C:\python\adhaar_fast_api\data\metadata\batch_batch_20250709_004.json
2025-07-09 11:06:20,142 - app.utils.metadata_utils - INFO - save_batch_metadata:82 - Saved batch metadata to C:\python\adhaar_fast_api\data\metadata\batch_batch_20250709_004.json
2025-07-09 11:06:20,178 - app.utils.metadata_utils - INFO - save_batch_metadata:82 - Saved batch metadata to C:\python\adhaar_fast_api\data\metadata\batch_batch_20250709_004.json
2025-07-09 11:06:20,214 - app.utils.metadata_utils - INFO - save_batch_metadata:82 - Saved batch metadata to C:\python\adhaar_fast_api\data\metadata\batch_batch_20250709_004.json
2025-07-09 11:06:20,248 - app.utils.metadata_utils - INFO - save_batch_metadata:82 - Saved batch metadata to C:\python\adhaar_fast_api\data\metadata\batch_batch_20250709_004.json
2025-07-09 11:06:20,277 - app.utils.metadata_utils - INFO - save_batch_metadata:82 - Saved batch metadata to C:\python\adhaar_fast_api\data\metadata\batch_batch_20250709_004.json
2025-07-09 11:06:20,282 - app.services.image_processor - INFO - process_batch:140 - Batch batch_20250709_004 processing completed with status: ProcessingStatus.COMPLETED
2025-07-09 11:06:20,308 - app.services.image_processor - INFO - process_batch:33 - Starting processing for batch batch_20250709_005 with 20 files
2025-07-09 11:06:20,335 - app.utils.metadata_utils - INFO - save_batch_metadata:82 - Saved batch metadata to C:\python\adhaar_fast_api\data\metadata\batch_batch_20250709_005.json
2025-07-09 11:06:20,337 - app.services.image_processor - INFO - process_batch:39 - Converting 20 files to JPEG format
2025-07-09 11:06:20,340 - app.services.image_processor - INFO - process_batch:67 - Skipping conversion for JPEG file: file_35.jpeg
2025-07-09 11:06:20,343 - app.services.image_processor - INFO - process_batch:67 - Skipping conversion for JPEG file: file_43.jpeg
2025-07-09 11:06:21,560 - app.utils.metadata_utils - INFO - save_batch_metadata:82 - Saved batch metadata to C:\python\adhaar_fast_api\data\metadata\batch_batch_20250709_005.json
2025-07-09 11:06:21,590 - app.utils.metadata_utils - INFO - save_batch_metadata:82 - Saved batch metadata to C:\python\adhaar_fast_api\data\metadata\batch_batch_20250709_005.json
2025-07-09 11:06:21,614 - app.utils.metadata_utils - INFO - save_batch_metadata:82 - Saved batch metadata to C:\python\adhaar_fast_api\data\metadata\batch_batch_20250709_005.json
2025-07-09 11:06:21,640 - app.utils.metadata_utils - INFO - save_batch_metadata:82 - Saved batch metadata to C:\python\adhaar_fast_api\data\metadata\batch_batch_20250709_005.json
2025-07-09 11:06:21,668 - app.utils.metadata_utils - INFO - save_batch_metadata:82 - Saved batch metadata to C:\python\adhaar_fast_api\data\metadata\batch_batch_20250709_005.json
2025-07-09 11:06:21,694 - app.utils.metadata_utils - INFO - save_batch_metadata:82 - Saved batch metadata to C:\python\adhaar_fast_api\data\metadata\batch_batch_20250709_005.json
2025-07-09 11:06:21,725 - app.utils.metadata_utils - INFO - save_batch_metadata:82 - Saved batch metadata to C:\python\adhaar_fast_api\data\metadata\batch_batch_20250709_005.json
2025-07-09 11:06:21,726 - app.services.image_processor - INFO - process_batch:92 - Multi-page file file_29_multi.tiff converted to 3 JPEG files
2025-07-09 11:06:21,756 - app.utils.metadata_utils - INFO - save_batch_metadata:82 - Saved batch metadata to C:\python\adhaar_fast_api\data\metadata\batch_batch_20250709_005.json
2025-07-09 11:06:21,758 - app.services.image_processor - INFO - process_batch:92 - Multi-page file file_31_multi.tiff converted to 3 JPEG files
2025-07-09 11:06:21,785 - app.utils.metadata_utils - INFO - save_batch_metadata:82 - Saved batch metadata to C:\python\adhaar_fast_api\data\metadata\batch_batch_20250709_005.json
2025-07-09 11:06:21,789 - app.services.image_processor - INFO - process_batch:92 - Multi-page file file_32_multi.tiff converted to 3 JPEG files
2025-07-09 11:06:21,816 - app.utils.metadata_utils - INFO - save_batch_metadata:82 - Saved batch metadata to C:\python\adhaar_fast_api\data\metadata\batch_batch_20250709_005.json
2025-07-09 11:06:21,844 - app.utils.metadata_utils - INFO - save_batch_metadata:82 - Saved batch metadata to C:\python\adhaar_fast_api\data\metadata\batch_batch_20250709_005.json
2025-07-09 11:06:21,871 - app.utils.metadata_utils - INFO - save_batch_metadata:82 - Saved batch metadata to C:\python\adhaar_fast_api\data\metadata\batch_batch_20250709_005.json
2025-07-09 11:06:21,874 - app.services.image_processor - INFO - process_batch:92 - Multi-page file file_37_multi.tiff converted to 3 JPEG files
2025-07-09 11:06:21,899 - app.utils.metadata_utils - INFO - save_batch_metadata:82 - Saved batch metadata to C:\python\adhaar_fast_api\data\metadata\batch_batch_20250709_005.json
2025-07-09 11:06:21,904 - app.services.image_processor - INFO - process_batch:92 - Multi-page file file_38_multi.tiff converted to 3 JPEG files
2025-07-09 11:06:21,935 - app.utils.metadata_utils - INFO - save_batch_metadata:82 - Saved batch metadata to C:\python\adhaar_fast_api\data\metadata\batch_batch_20250709_005.json
2025-07-09 11:06:21,965 - app.utils.metadata_utils - INFO - save_batch_metadata:82 - Saved batch metadata to C:\python\adhaar_fast_api\data\metadata\batch_batch_20250709_005.json
2025-07-09 11:06:21,968 - app.services.image_processor - INFO - process_batch:92 - Multi-page file file_41_multi.tiff converted to 3 JPEG files
2025-07-09 11:06:21,997 - app.utils.metadata_utils - INFO - save_batch_metadata:82 - Saved batch metadata to C:\python\adhaar_fast_api\data\metadata\batch_batch_20250709_005.json
2025-07-09 11:06:22,000 - app.services.image_processor - INFO - process_batch:92 - Multi-page file file_42_multi.tiff converted to 3 JPEG files
2025-07-09 11:06:22,027 - app.utils.metadata_utils - INFO - save_batch_metadata:82 - Saved batch metadata to C:\python\adhaar_fast_api\data\metadata\batch_batch_20250709_005.json
2025-07-09 11:06:22,029 - app.services.image_processor - INFO - process_batch:92 - Multi-page file file_44_multi.tiff converted to 3 JPEG files
2025-07-09 11:06:22,057 - app.utils.metadata_utils - INFO - save_batch_metadata:82 - Saved batch metadata to C:\python\adhaar_fast_api\data\metadata\batch_batch_20250709_005.json
2025-07-09 11:06:22,086 - app.utils.metadata_utils - INFO - save_batch_metadata:82 - Saved batch metadata to C:\python\adhaar_fast_api\data\metadata\batch_batch_20250709_005.json
2025-07-09 11:06:22,113 - app.utils.metadata_utils - INFO - save_batch_metadata:82 - Saved batch metadata to C:\python\adhaar_fast_api\data\metadata\batch_batch_20250709_005.json
2025-07-09 11:06:22,115 - app.services.image_processor - INFO - process_batch:102 - Starting AI processing for batch batch_20250709_005 with 36 JPEG files
2025-07-09 11:06:22,118 - app.services.ai_simulator - INFO - process_images_batch:22 - Starting AI processing for 36 images
2025-07-09 11:06:22,639 - app.services.ai_simulator - INFO - process_images_batch:47 - AI processing completed: 35/36 successful
2025-07-09 11:06:22,641 - app.services.image_processor - INFO - process_batch:106 - AI processing completed for 36 files
2025-07-09 11:06:22,646 - app.services.image_processor - INFO - process_batch:110 - AI processing: 35/36 successful
2025-07-09 11:06:22,647 - app.services.image_processor - INFO - process_batch:115 - Converting processed files back to original format
2025-07-09 11:06:23,493 - app.utils.metadata_utils - INFO - save_batch_metadata:82 - Saved batch metadata to C:\python\adhaar_fast_api\data\metadata\batch_batch_20250709_005.json
2025-07-09 11:06:23,523 - app.utils.metadata_utils - INFO - save_batch_metadata:82 - Saved batch metadata to C:\python\adhaar_fast_api\data\metadata\batch_batch_20250709_005.json
2025-07-09 11:06:23,551 - app.utils.metadata_utils - INFO - save_batch_metadata:82 - Saved batch metadata to C:\python\adhaar_fast_api\data\metadata\batch_batch_20250709_005.json
2025-07-09 11:06:23,575 - app.utils.metadata_utils - INFO - save_batch_metadata:82 - Saved batch metadata to C:\python\adhaar_fast_api\data\metadata\batch_batch_20250709_005.json
2025-07-09 11:06:23,605 - app.utils.metadata_utils - INFO - save_batch_metadata:82 - Saved batch metadata to C:\python\adhaar_fast_api\data\metadata\batch_batch_20250709_005.json
2025-07-09 11:06:23,634 - app.utils.metadata_utils - INFO - save_batch_metadata:82 - Saved batch metadata to C:\python\adhaar_fast_api\data\metadata\batch_batch_20250709_005.json
2025-07-09 11:06:23,666 - app.utils.metadata_utils - INFO - save_batch_metadata:82 - Saved batch metadata to C:\python\adhaar_fast_api\data\metadata\batch_batch_20250709_005.json
2025-07-09 11:06:23,697 - app.utils.metadata_utils - INFO - save_batch_metadata:82 - Saved batch metadata to C:\python\adhaar_fast_api\data\metadata\batch_batch_20250709_005.json
2025-07-09 11:06:23,722 - app.utils.metadata_utils - INFO - save_batch_metadata:82 - Saved batch metadata to C:\python\adhaar_fast_api\data\metadata\batch_batch_20250709_005.json
2025-07-09 11:06:23,747 - app.utils.metadata_utils - INFO - save_batch_metadata:82 - Saved batch metadata to C:\python\adhaar_fast_api\data\metadata\batch_batch_20250709_005.json
2025-07-09 11:06:23,782 - app.utils.metadata_utils - INFO - save_batch_metadata:82 - Saved batch metadata to C:\python\adhaar_fast_api\data\metadata\batch_batch_20250709_005.json
2025-07-09 11:06:23,810 - app.utils.metadata_utils - INFO - save_batch_metadata:82 - Saved batch metadata to C:\python\adhaar_fast_api\data\metadata\batch_batch_20250709_005.json
2025-07-09 11:06:23,843 - app.utils.metadata_utils - INFO - save_batch_metadata:82 - Saved batch metadata to C:\python\adhaar_fast_api\data\metadata\batch_batch_20250709_005.json
2025-07-09 11:06:23,870 - app.utils.metadata_utils - INFO - save_batch_metadata:82 - Saved batch metadata to C:\python\adhaar_fast_api\data\metadata\batch_batch_20250709_005.json
2025-07-09 11:06:23,895 - app.utils.metadata_utils - INFO - save_batch_metadata:82 - Saved batch metadata to C:\python\adhaar_fast_api\data\metadata\batch_batch_20250709_005.json
2025-07-09 11:06:23,921 - app.utils.metadata_utils - INFO - save_batch_metadata:82 - Saved batch metadata to C:\python\adhaar_fast_api\data\metadata\batch_batch_20250709_005.json
2025-07-09 11:06:23,948 - app.utils.metadata_utils - INFO - save_batch_metadata:82 - Saved batch metadata to C:\python\adhaar_fast_api\data\metadata\batch_batch_20250709_005.json
2025-07-09 11:06:23,973 - app.utils.metadata_utils - INFO - save_batch_metadata:82 - Saved batch metadata to C:\python\adhaar_fast_api\data\metadata\batch_batch_20250709_005.json
2025-07-09 11:06:23,997 - app.utils.metadata_utils - INFO - save_batch_metadata:82 - Saved batch metadata to C:\python\adhaar_fast_api\data\metadata\batch_batch_20250709_005.json
2025-07-09 11:06:24,026 - app.utils.metadata_utils - INFO - save_batch_metadata:82 - Saved batch metadata to C:\python\adhaar_fast_api\data\metadata\batch_batch_20250709_005.json
2025-07-09 11:06:24,029 - app.services.image_processor - INFO - process_batch:140 - Batch batch_20250709_005 processing completed with status: ProcessingStatus.COMPLETED
2025-07-09 11:06:24,041 - app.services.image_processor - INFO - process_batch:33 - Starting processing for batch batch_20250709_006 with 20 files
2025-07-09 11:06:24,076 - app.utils.metadata_utils - INFO - save_batch_metadata:82 - Saved batch metadata to C:\python\adhaar_fast_api\data\metadata\batch_batch_20250709_006.json
2025-07-09 11:06:24,080 - app.services.image_processor - INFO - process_batch:39 - Converting 20 files to JPEG format
2025-07-09 11:06:24,081 - app.services.image_processor - INFO - process_batch:67 - Skipping conversion for JPEG file: file_5.jpeg
2025-07-09 11:06:24,083 - app.services.image_processor - INFO - process_batch:67 - Skipping conversion for JPEG file: file_57.jpeg
2025-07-09 11:06:24,084 - app.services.image_processor - INFO - process_batch:67 - Skipping conversion for JPEG file: file_67.jpeg
2025-07-09 11:06:24,088 - app.services.image_processor - INFO - process_batch:67 - Skipping conversion for JPEG file: file_68.jpeg
2025-07-09 11:06:25,892 - app.utils.metadata_utils - INFO - save_batch_metadata:82 - Saved batch metadata to C:\python\adhaar_fast_api\data\metadata\batch_batch_20250709_006.json
2025-07-09 11:06:25,925 - app.utils.metadata_utils - INFO - save_batch_metadata:82 - Saved batch metadata to C:\python\adhaar_fast_api\data\metadata\batch_batch_20250709_006.json
2025-07-09 11:06:25,954 - app.utils.metadata_utils - INFO - save_batch_metadata:82 - Saved batch metadata to C:\python\adhaar_fast_api\data\metadata\batch_batch_20250709_006.json
2025-07-09 11:06:25,986 - app.utils.metadata_utils - INFO - save_batch_metadata:82 - Saved batch metadata to C:\python\adhaar_fast_api\data\metadata\batch_batch_20250709_006.json
2025-07-09 11:06:26,017 - app.utils.metadata_utils - INFO - save_batch_metadata:82 - Saved batch metadata to C:\python\adhaar_fast_api\data\metadata\batch_batch_20250709_006.json
2025-07-09 11:06:26,043 - app.utils.metadata_utils - INFO - save_batch_metadata:82 - Saved batch metadata to C:\python\adhaar_fast_api\data\metadata\batch_batch_20250709_006.json
2025-07-09 11:06:26,047 - app.services.image_processor - INFO - process_batch:92 - Multi-page file file_51_multi.tiff converted to 3 JPEG files
2025-07-09 11:06:26,078 - app.utils.metadata_utils - INFO - save_batch_metadata:82 - Saved batch metadata to C:\python\adhaar_fast_api\data\metadata\batch_batch_20250709_006.json
2025-07-09 11:06:26,110 - app.utils.metadata_utils - INFO - save_batch_metadata:82 - Saved batch metadata to C:\python\adhaar_fast_api\data\metadata\batch_batch_20250709_006.json
2025-07-09 11:06:26,113 - app.services.image_processor - INFO - process_batch:92 - Multi-page file file_53_multi.tiff converted to 3 JPEG files
2025-07-09 11:06:26,142 - app.utils.metadata_utils - INFO - save_batch_metadata:82 - Saved batch metadata to C:\python\adhaar_fast_api\data\metadata\batch_batch_20250709_006.json
2025-07-09 11:06:26,171 - app.utils.metadata_utils - INFO - save_batch_metadata:82 - Saved batch metadata to C:\python\adhaar_fast_api\data\metadata\batch_batch_20250709_006.json
2025-07-09 11:06:26,198 - app.utils.metadata_utils - INFO - save_batch_metadata:82 - Saved batch metadata to C:\python\adhaar_fast_api\data\metadata\batch_batch_20250709_006.json
2025-07-09 11:06:26,226 - app.utils.metadata_utils - INFO - save_batch_metadata:82 - Saved batch metadata to C:\python\adhaar_fast_api\data\metadata\batch_batch_20250709_006.json
2025-07-09 11:06:26,247 - app.utils.metadata_utils - INFO - save_batch_metadata:82 - Saved batch metadata to C:\python\adhaar_fast_api\data\metadata\batch_batch_20250709_006.json
2025-07-09 11:06:26,278 - app.utils.metadata_utils - INFO - save_batch_metadata:82 - Saved batch metadata to C:\python\adhaar_fast_api\data\metadata\batch_batch_20250709_006.json
2025-07-09 11:06:26,307 - app.utils.metadata_utils - INFO - save_batch_metadata:82 - Saved batch metadata to C:\python\adhaar_fast_api\data\metadata\batch_batch_20250709_006.json
2025-07-09 11:06:26,311 - app.services.image_processor - INFO - process_batch:92 - Multi-page file file_63_multi.tiff converted to 3 JPEG files
2025-07-09 11:06:26,343 - app.utils.metadata_utils - INFO - save_batch_metadata:82 - Saved batch metadata to C:\python\adhaar_fast_api\data\metadata\batch_batch_20250709_006.json
2025-07-09 11:06:26,348 - app.services.image_processor - INFO - process_batch:92 - Multi-page file file_64_multi.tiff converted to 3 JPEG files
2025-07-09 11:06:26,383 - app.utils.metadata_utils - INFO - save_batch_metadata:82 - Saved batch metadata to C:\python\adhaar_fast_api\data\metadata\batch_batch_20250709_006.json
2025-07-09 11:06:26,412 - app.utils.metadata_utils - INFO - save_batch_metadata:82 - Saved batch metadata to C:\python\adhaar_fast_api\data\metadata\batch_batch_20250709_006.json
2025-07-09 11:06:26,440 - app.utils.metadata_utils - INFO - save_batch_metadata:82 - Saved batch metadata to C:\python\adhaar_fast_api\data\metadata\batch_batch_20250709_006.json
2025-07-09 11:06:26,469 - app.utils.metadata_utils - INFO - save_batch_metadata:82 - Saved batch metadata to C:\python\adhaar_fast_api\data\metadata\batch_batch_20250709_006.json
2025-07-09 11:06:26,472 - app.services.image_processor - INFO - process_batch:102 - Starting AI processing for batch batch_20250709_006 with 28 JPEG files
2025-07-09 11:06:26,475 - app.services.ai_simulator - INFO - process_images_batch:22 - Starting AI processing for 28 images
2025-07-09 11:06:26,974 - app.services.ai_simulator - INFO - process_images_batch:47 - AI processing completed: 27/28 successful
2025-07-09 11:06:26,974 - app.services.image_processor - INFO - process_batch:106 - AI processing completed for 28 files
2025-07-09 11:06:26,984 - app.services.image_processor - INFO - process_batch:110 - AI processing: 27/28 successful
2025-07-09 11:06:26,990 - app.services.image_processor - INFO - process_batch:115 - Converting processed files back to original format
2025-07-09 11:06:28,181 - app.utils.metadata_utils - INFO - save_batch_metadata:82 - Saved batch metadata to C:\python\adhaar_fast_api\data\metadata\batch_batch_20250709_006.json
2025-07-09 11:06:28,206 - app.utils.metadata_utils - INFO - save_batch_metadata:82 - Saved batch metadata to C:\python\adhaar_fast_api\data\metadata\batch_batch_20250709_006.json
2025-07-09 11:06:28,230 - app.utils.metadata_utils - INFO - save_batch_metadata:82 - Saved batch metadata to C:\python\adhaar_fast_api\data\metadata\batch_batch_20250709_006.json
2025-07-09 11:06:28,262 - app.utils.metadata_utils - INFO - save_batch_metadata:82 - Saved batch metadata to C:\python\adhaar_fast_api\data\metadata\batch_batch_20250709_006.json
2025-07-09 11:06:28,292 - app.utils.metadata_utils - INFO - save_batch_metadata:82 - Saved batch metadata to C:\python\adhaar_fast_api\data\metadata\batch_batch_20250709_006.json
2025-07-09 11:06:28,314 - app.utils.metadata_utils - INFO - save_batch_metadata:82 - Saved batch metadata to C:\python\adhaar_fast_api\data\metadata\batch_batch_20250709_006.json
2025-07-09 11:06:28,341 - app.utils.metadata_utils - INFO - save_batch_metadata:82 - Saved batch metadata to C:\python\adhaar_fast_api\data\metadata\batch_batch_20250709_006.json
2025-07-09 11:06:28,365 - app.utils.metadata_utils - INFO - save_batch_metadata:82 - Saved batch metadata to C:\python\adhaar_fast_api\data\metadata\batch_batch_20250709_006.json
2025-07-09 11:06:28,389 - app.utils.metadata_utils - INFO - save_batch_metadata:82 - Saved batch metadata to C:\python\adhaar_fast_api\data\metadata\batch_batch_20250709_006.json
2025-07-09 11:06:28,412 - app.utils.metadata_utils - INFO - save_batch_metadata:82 - Saved batch metadata to C:\python\adhaar_fast_api\data\metadata\batch_batch_20250709_006.json
2025-07-09 11:06:28,444 - app.utils.metadata_utils - INFO - save_batch_metadata:82 - Saved batch metadata to C:\python\adhaar_fast_api\data\metadata\batch_batch_20250709_006.json
2025-07-09 11:06:28,471 - app.utils.metadata_utils - INFO - save_batch_metadata:82 - Saved batch metadata to C:\python\adhaar_fast_api\data\metadata\batch_batch_20250709_006.json
2025-07-09 11:06:28,497 - app.utils.metadata_utils - INFO - save_batch_metadata:82 - Saved batch metadata to C:\python\adhaar_fast_api\data\metadata\batch_batch_20250709_006.json
2025-07-09 11:06:28,524 - app.utils.metadata_utils - INFO - save_batch_metadata:82 - Saved batch metadata to C:\python\adhaar_fast_api\data\metadata\batch_batch_20250709_006.json
2025-07-09 11:06:28,553 - app.utils.metadata_utils - INFO - save_batch_metadata:82 - Saved batch metadata to C:\python\adhaar_fast_api\data\metadata\batch_batch_20250709_006.json
2025-07-09 11:06:28,591 - app.utils.metadata_utils - INFO - save_batch_metadata:82 - Saved batch metadata to C:\python\adhaar_fast_api\data\metadata\batch_batch_20250709_006.json
2025-07-09 11:06:28,616 - app.utils.metadata_utils - INFO - save_batch_metadata:82 - Saved batch metadata to C:\python\adhaar_fast_api\data\metadata\batch_batch_20250709_006.json
2025-07-09 11:06:28,647 - app.utils.metadata_utils - INFO - save_batch_metadata:82 - Saved batch metadata to C:\python\adhaar_fast_api\data\metadata\batch_batch_20250709_006.json
2025-07-09 11:06:28,649 - app.services.image_processor - INFO - process_batch:140 - Batch batch_20250709_006 processing completed with status: ProcessingStatus.COMPLETED
2025-07-09 11:06:28,672 - app.services.image_processor - INFO - process_batch:33 - Starting processing for batch batch_20250709_007 with 20 files
2025-07-09 11:06:28,700 - app.utils.metadata_utils - INFO - save_batch_metadata:82 - Saved batch metadata to C:\python\adhaar_fast_api\data\metadata\batch_batch_20250709_007.json
2025-07-09 11:06:28,702 - app.services.image_processor - INFO - process_batch:39 - Converting 20 files to JPEG format
2025-07-09 11:06:28,705 - app.services.image_processor - INFO - process_batch:67 - Skipping conversion for JPEG file: file_73.jpeg
2025-07-09 11:06:28,707 - app.services.image_processor - INFO - process_batch:67 - Skipping conversion for JPEG file: file_74.jpeg
2025-07-09 11:06:28,710 - app.services.image_processor - INFO - process_batch:67 - Skipping conversion for JPEG file: file_8.jpeg
2025-07-09 11:06:28,712 - app.services.image_processor - INFO - process_batch:67 - Skipping conversion for JPEG file: file_82.jpeg
2025-07-09 11:06:29,755 - app.utils.metadata_utils - INFO - save_batch_metadata:82 - Saved batch metadata to C:\python\adhaar_fast_api\data\metadata\batch_batch_20250709_007.json
2025-07-09 11:06:29,796 - app.utils.metadata_utils - INFO - save_batch_metadata:82 - Saved batch metadata to C:\python\adhaar_fast_api\data\metadata\batch_batch_20250709_007.json
2025-07-09 11:06:29,826 - app.utils.metadata_utils - INFO - save_batch_metadata:82 - Saved batch metadata to C:\python\adhaar_fast_api\data\metadata\batch_batch_20250709_007.json
2025-07-09 11:06:29,853 - app.utils.metadata_utils - INFO - save_batch_metadata:82 - Saved batch metadata to C:\python\adhaar_fast_api\data\metadata\batch_batch_20250709_007.json
2025-07-09 11:06:29,856 - app.services.image_processor - INFO - process_batch:92 - Multi-page file file_6_multi.tiff converted to 3 JPEG files
2025-07-09 11:06:29,886 - app.utils.metadata_utils - INFO - save_batch_metadata:82 - Saved batch metadata to C:\python\adhaar_fast_api\data\metadata\batch_batch_20250709_007.json
2025-07-09 11:06:29,910 - app.utils.metadata_utils - INFO - save_batch_metadata:82 - Saved batch metadata to C:\python\adhaar_fast_api\data\metadata\batch_batch_20250709_007.json
2025-07-09 11:06:29,957 - app.utils.metadata_utils - INFO - save_batch_metadata:82 - Saved batch metadata to C:\python\adhaar_fast_api\data\metadata\batch_batch_20250709_007.json
2025-07-09 11:06:29,985 - app.utils.metadata_utils - INFO - save_batch_metadata:82 - Saved batch metadata to C:\python\adhaar_fast_api\data\metadata\batch_batch_20250709_007.json
2025-07-09 11:06:30,012 - app.utils.metadata_utils - INFO - save_batch_metadata:82 - Saved batch metadata to C:\python\adhaar_fast_api\data\metadata\batch_batch_20250709_007.json
2025-07-09 11:06:30,041 - app.utils.metadata_utils - INFO - save_batch_metadata:82 - Saved batch metadata to C:\python\adhaar_fast_api\data\metadata\batch_batch_20250709_007.json
2025-07-09 11:06:30,042 - app.services.image_processor - INFO - process_batch:92 - Multi-page file file_80_multi.tiff converted to 3 JPEG files
2025-07-09 11:06:30,068 - app.utils.metadata_utils - INFO - save_batch_metadata:82 - Saved batch metadata to C:\python\adhaar_fast_api\data\metadata\batch_batch_20250709_007.json
2025-07-09 11:06:30,098 - app.utils.metadata_utils - INFO - save_batch_metadata:82 - Saved batch metadata to C:\python\adhaar_fast_api\data\metadata\batch_batch_20250709_007.json
2025-07-09 11:06:30,128 - app.utils.metadata_utils - INFO - save_batch_metadata:82 - Saved batch metadata to C:\python\adhaar_fast_api\data\metadata\batch_batch_20250709_007.json
2025-07-09 11:06:30,156 - app.utils.metadata_utils - INFO - save_batch_metadata:82 - Saved batch metadata to C:\python\adhaar_fast_api\data\metadata\batch_batch_20250709_007.json
2025-07-09 11:06:30,158 - app.services.image_processor - INFO - process_batch:92 - Multi-page file file_85_multi.tiff converted to 3 JPEG files
2025-07-09 11:06:30,185 - app.utils.metadata_utils - INFO - save_batch_metadata:82 - Saved batch metadata to C:\python\adhaar_fast_api\data\metadata\batch_batch_20250709_007.json
2025-07-09 11:06:30,214 - app.utils.metadata_utils - INFO - save_batch_metadata:82 - Saved batch metadata to C:\python\adhaar_fast_api\data\metadata\batch_batch_20250709_007.json
2025-07-09 11:06:30,245 - app.utils.metadata_utils - INFO - save_batch_metadata:82 - Saved batch metadata to C:\python\adhaar_fast_api\data\metadata\batch_batch_20250709_007.json
2025-07-09 11:06:30,278 - app.utils.metadata_utils - INFO - save_batch_metadata:82 - Saved batch metadata to C:\python\adhaar_fast_api\data\metadata\batch_batch_20250709_007.json
2025-07-09 11:06:30,304 - app.utils.metadata_utils - INFO - save_batch_metadata:82 - Saved batch metadata to C:\python\adhaar_fast_api\data\metadata\batch_batch_20250709_007.json
2025-07-09 11:06:30,331 - app.utils.metadata_utils - INFO - save_batch_metadata:82 - Saved batch metadata to C:\python\adhaar_fast_api\data\metadata\batch_batch_20250709_007.json
2025-07-09 11:06:30,333 - app.services.image_processor - INFO - process_batch:102 - Starting AI processing for batch batch_20250709_007 with 26 JPEG files
2025-07-09 11:06:30,336 - app.services.ai_simulator - INFO - process_images_batch:22 - Starting AI processing for 26 images
2025-07-09 11:06:30,862 - app.services.ai_simulator - INFO - process_images_batch:47 - AI processing completed: 24/26 successful
2025-07-09 11:06:30,862 - app.services.image_processor - INFO - process_batch:106 - AI processing completed for 26 files
2025-07-09 11:06:30,873 - app.services.image_processor - INFO - process_batch:110 - AI processing: 24/26 successful
2025-07-09 11:06:30,877 - app.services.image_processor - INFO - process_batch:115 - Converting processed files back to original format
2025-07-09 11:06:31,494 - app.utils.metadata_utils - INFO - save_batch_metadata:82 - Saved batch metadata to C:\python\adhaar_fast_api\data\metadata\batch_batch_20250709_007.json
2025-07-09 11:06:31,523 - app.utils.metadata_utils - INFO - save_batch_metadata:82 - Saved batch metadata to C:\python\adhaar_fast_api\data\metadata\batch_batch_20250709_007.json
2025-07-09 11:06:31,549 - app.utils.metadata_utils - INFO - save_batch_metadata:82 - Saved batch metadata to C:\python\adhaar_fast_api\data\metadata\batch_batch_20250709_007.json
2025-07-09 11:06:31,579 - app.utils.metadata_utils - INFO - save_batch_metadata:82 - Saved batch metadata to C:\python\adhaar_fast_api\data\metadata\batch_batch_20250709_007.json
2025-07-09 11:06:31,609 - app.utils.metadata_utils - INFO - save_batch_metadata:82 - Saved batch metadata to C:\python\adhaar_fast_api\data\metadata\batch_batch_20250709_007.json
2025-07-09 11:06:31,639 - app.utils.metadata_utils - INFO - save_batch_metadata:82 - Saved batch metadata to C:\python\adhaar_fast_api\data\metadata\batch_batch_20250709_007.json
2025-07-09 11:06:31,666 - app.utils.metadata_utils - INFO - save_batch_metadata:82 - Saved batch metadata to C:\python\adhaar_fast_api\data\metadata\batch_batch_20250709_007.json
2025-07-09 11:06:31,705 - app.utils.metadata_utils - INFO - save_batch_metadata:82 - Saved batch metadata to C:\python\adhaar_fast_api\data\metadata\batch_batch_20250709_007.json
2025-07-09 11:06:31,732 - app.utils.metadata_utils - INFO - save_batch_metadata:82 - Saved batch metadata to C:\python\adhaar_fast_api\data\metadata\batch_batch_20250709_007.json
2025-07-09 11:06:31,760 - app.utils.metadata_utils - INFO - save_batch_metadata:82 - Saved batch metadata to C:\python\adhaar_fast_api\data\metadata\batch_batch_20250709_007.json
2025-07-09 11:06:31,789 - app.utils.metadata_utils - INFO - save_batch_metadata:82 - Saved batch metadata to C:\python\adhaar_fast_api\data\metadata\batch_batch_20250709_007.json
2025-07-09 11:06:31,821 - app.utils.metadata_utils - INFO - save_batch_metadata:82 - Saved batch metadata to C:\python\adhaar_fast_api\data\metadata\batch_batch_20250709_007.json
2025-07-09 11:06:31,861 - app.utils.metadata_utils - INFO - save_batch_metadata:82 - Saved batch metadata to C:\python\adhaar_fast_api\data\metadata\batch_batch_20250709_007.json
2025-07-09 11:06:31,911 - app.utils.metadata_utils - INFO - save_batch_metadata:82 - Saved batch metadata to C:\python\adhaar_fast_api\data\metadata\batch_batch_20250709_007.json
2025-07-09 11:06:31,960 - app.utils.metadata_utils - INFO - save_batch_metadata:82 - Saved batch metadata to C:\python\adhaar_fast_api\data\metadata\batch_batch_20250709_007.json
2025-07-09 11:06:32,021 - app.utils.metadata_utils - INFO - save_batch_metadata:82 - Saved batch metadata to C:\python\adhaar_fast_api\data\metadata\batch_batch_20250709_007.json
2025-07-09 11:06:32,074 - app.utils.metadata_utils - INFO - save_batch_metadata:82 - Saved batch metadata to C:\python\adhaar_fast_api\data\metadata\batch_batch_20250709_007.json
2025-07-09 11:06:32,129 - app.utils.metadata_utils - INFO - save_batch_metadata:82 - Saved batch metadata to C:\python\adhaar_fast_api\data\metadata\batch_batch_20250709_007.json
2025-07-09 11:06:32,131 - app.services.image_processor - INFO - process_batch:140 - Batch batch_20250709_007 processing completed with status: ProcessingStatus.COMPLETED
2025-07-09 11:06:32,197 - app.services.image_processor - INFO - process_batch:33 - Starting processing for batch batch_20250709_008 with 13 files
2025-07-09 11:06:32,248 - app.utils.metadata_utils - INFO - save_batch_metadata:82 - Saved batch metadata to C:\python\adhaar_fast_api\data\metadata\batch_batch_20250709_008.json
2025-07-09 11:06:32,252 - app.services.image_processor - INFO - process_batch:39 - Converting 13 files to JPEG format
2025-07-09 11:06:32,258 - app.services.image_processor - INFO - process_batch:67 - Skipping conversion for JPEG file: file_97.jpeg
2025-07-09 11:06:41,746 - app.utils.metadata_utils - INFO - save_batch_metadata:82 - Saved batch metadata to C:\python\adhaar_fast_api\data\metadata\batch_batch_20250709_008.json
2025-07-09 11:06:41,775 - app.utils.metadata_utils - INFO - save_batch_metadata:82 - Saved batch metadata to C:\python\adhaar_fast_api\data\metadata\batch_batch_20250709_008.json
2025-07-09 11:06:41,804 - app.utils.metadata_utils - INFO - save_batch_metadata:82 - Saved batch metadata to C:\python\adhaar_fast_api\data\metadata\batch_batch_20250709_008.json
2025-07-09 11:06:41,835 - app.utils.metadata_utils - INFO - save_batch_metadata:82 - Saved batch metadata to C:\python\adhaar_fast_api\data\metadata\batch_batch_20250709_008.json
2025-07-09 11:06:41,864 - app.utils.metadata_utils - INFO - save_batch_metadata:82 - Saved batch metadata to C:\python\adhaar_fast_api\data\metadata\batch_batch_20250709_008.json
2025-07-09 11:06:41,896 - app.utils.metadata_utils - INFO - save_batch_metadata:82 - Saved batch metadata to C:\python\adhaar_fast_api\data\metadata\batch_batch_20250709_008.json
2025-07-09 11:06:41,902 - app.services.image_processor - INFO - process_batch:92 - Multi-page file file_98_multi.tiff converted to 3 JPEG files
2025-07-09 11:06:41,934 - app.utils.metadata_utils - INFO - save_batch_metadata:82 - Saved batch metadata to C:\python\adhaar_fast_api\data\metadata\batch_batch_20250709_008.json
2025-07-09 11:06:41,965 - app.utils.metadata_utils - INFO - save_batch_metadata:82 - Saved batch metadata to C:\python\adhaar_fast_api\data\metadata\batch_batch_20250709_008.json
2025-07-09 11:06:41,968 - app.services.image_processor - INFO - process_batch:92 - Multi-page file pdf1.pdf converted to 5 JPEG files
2025-07-09 11:06:41,998 - app.utils.metadata_utils - INFO - save_batch_metadata:82 - Saved batch metadata to C:\python\adhaar_fast_api\data\metadata\batch_batch_20250709_008.json
2025-07-09 11:06:42,000 - app.services.image_processor - INFO - process_batch:92 - Multi-page file pdf2.pdf converted to 2 JPEG files
2025-07-09 11:06:42,031 - app.utils.metadata_utils - INFO - save_batch_metadata:82 - Saved batch metadata to C:\python\adhaar_fast_api\data\metadata\batch_batch_20250709_008.json
2025-07-09 11:06:42,035 - app.services.image_processor - INFO - process_batch:92 - Multi-page file pdf3.pdf converted to 5 JPEG files
2025-07-09 11:06:42,063 - app.utils.metadata_utils - INFO - save_batch_metadata:82 - Saved batch metadata to C:\python\adhaar_fast_api\data\metadata\batch_batch_20250709_008.json
2025-07-09 11:06:42,067 - app.services.image_processor - INFO - process_batch:92 - Multi-page file pdf4.pdf converted to 5 JPEG files
2025-07-09 11:06:42,095 - app.utils.metadata_utils - INFO - save_batch_metadata:82 - Saved batch metadata to C:\python\adhaar_fast_api\data\metadata\batch_batch_20250709_008.json
2025-07-09 11:06:42,098 - app.services.image_processor - INFO - process_batch:92 - Multi-page file pdf5.pdf converted to 6 JPEG files
2025-07-09 11:06:42,128 - app.utils.metadata_utils - INFO - save_batch_metadata:82 - Saved batch metadata to C:\python\adhaar_fast_api\data\metadata\batch_batch_20250709_008.json
2025-07-09 11:06:42,131 - app.services.image_processor - INFO - process_batch:102 - Starting AI processing for batch batch_20250709_008 with 33 JPEG files
2025-07-09 11:06:42,133 - app.services.ai_simulator - INFO - process_images_batch:22 - Starting AI processing for 33 images
2025-07-09 11:06:42,640 - app.services.ai_simulator - INFO - process_images_batch:47 - AI processing completed: 29/33 successful
2025-07-09 11:06:42,640 - app.services.image_processor - INFO - process_batch:106 - AI processing completed for 33 files
2025-07-09 11:06:42,649 - app.services.image_processor - INFO - process_batch:110 - AI processing: 29/33 successful
2025-07-09 11:06:42,652 - app.services.image_processor - INFO - process_batch:115 - Converting processed files back to original format
2025-07-09 11:07:09,664 - app.utils.metadata_utils - INFO - save_batch_metadata:82 - Saved batch metadata to C:\python\adhaar_fast_api\data\metadata\batch_batch_20250709_008.json
2025-07-09 11:07:09,691 - app.utils.metadata_utils - INFO - save_batch_metadata:82 - Saved batch metadata to C:\python\adhaar_fast_api\data\metadata\batch_batch_20250709_008.json
2025-07-09 11:07:09,700 - app.utils.metadata_utils - INFO - save_batch_metadata:82 - Saved batch metadata to C:\python\adhaar_fast_api\data\metadata\batch_batch_20250709_008.json
2025-07-09 11:07:09,709 - app.utils.metadata_utils - INFO - save_batch_metadata:82 - Saved batch metadata to C:\python\adhaar_fast_api\data\metadata\batch_batch_20250709_008.json
2025-07-09 11:07:09,721 - app.utils.metadata_utils - INFO - save_batch_metadata:82 - Saved batch metadata to C:\python\adhaar_fast_api\data\metadata\batch_batch_20250709_008.json
2025-07-09 11:07:09,728 - app.utils.metadata_utils - INFO - save_batch_metadata:82 - Saved batch metadata to C:\python\adhaar_fast_api\data\metadata\batch_batch_20250709_008.json
2025-07-09 11:07:09,736 - app.utils.metadata_utils - INFO - save_batch_metadata:82 - Saved batch metadata to C:\python\adhaar_fast_api\data\metadata\batch_batch_20250709_008.json
2025-07-09 11:07:09,743 - app.utils.metadata_utils - INFO - save_batch_metadata:82 - Saved batch metadata to C:\python\adhaar_fast_api\data\metadata\batch_batch_20250709_008.json
2025-07-09 11:07:09,752 - app.utils.metadata_utils - INFO - save_batch_metadata:82 - Saved batch metadata to C:\python\adhaar_fast_api\data\metadata\batch_batch_20250709_008.json
2025-07-09 11:07:09,760 - app.utils.metadata_utils - INFO - save_batch_metadata:82 - Saved batch metadata to C:\python\adhaar_fast_api\data\metadata\batch_batch_20250709_008.json
2025-07-09 11:07:09,768 - app.utils.metadata_utils - INFO - save_batch_metadata:82 - Saved batch metadata to C:\python\adhaar_fast_api\data\metadata\batch_batch_20250709_008.json
2025-07-09 11:07:09,777 - app.utils.metadata_utils - INFO - save_batch_metadata:82 - Saved batch metadata to C:\python\adhaar_fast_api\data\metadata\batch_batch_20250709_008.json
2025-07-09 11:07:09,784 - app.utils.metadata_utils - INFO - save_batch_metadata:82 - Saved batch metadata to C:\python\adhaar_fast_api\data\metadata\batch_batch_20250709_008.json
2025-07-09 11:07:09,794 - app.utils.metadata_utils - INFO - save_batch_metadata:82 - Saved batch metadata to C:\python\adhaar_fast_api\data\metadata\batch_batch_20250709_008.json
2025-07-09 11:07:09,798 - app.services.image_processor - INFO - process_batch:140 - Batch batch_20250709_008 processing completed with status: ProcessingStatus.COMPLETED
